android-app/app/build/intermediates/manifest_merge_blame_file/debug/processDebugMainManifest/manifest-merger-blame-debug-report.txt
1<?xml version="1.0" encoding="utf-8"?>
2<manifest xmlns:android="http://schemas.android.com/apk/res/android"
3    package="com.familytracker"
4    android:versionCode="1"
5    android:versionName="1.0.0" >
6
7    <uses-sdk
8        android:minSdkVersion="26"
9        android:targetSdkVersion="34" />
10
11    <!-- Location Permissions -->
12    <uses-permission android:name="android.permission.ACCESS_FINE_LOCATION" />
12-->src\main\AndroidManifest.xml:6:5-79
12-->src\main\AndroidManifest.xml:6:22-76
13    <uses-permission android:name="android.permission.ACCESS_COARSE_LOCATION" />
13-->src\main\AndroidManifest.xml:7:5-81
13-->src\main\AndroidManifest.xml:7:22-78
14    <uses-permission android:name="android.permission.ACCESS_BACKGROUND_LOCATION" />
14-->src\main\AndroidManifest.xml:8:5-85
14-->src\main\AndroidManifest.xml:8:22-82
15
16    <!-- Foreground Service -->
17    <uses-permission android:name="android.permission.FOREGROUND_SERVICE" />
17-->src\main\AndroidManifest.xml:11:5-77
17-->src\main\AndroidManifest.xml:11:22-74
18    <uses-permission android:name="android.permission.FOREGROUND_SERVICE_LOCATION" />
18-->src\main\AndroidManifest.xml:12:5-86
18-->src\main\AndroidManifest.xml:12:22-83
19    <uses-permission android:name="android.permission.FOREGROUND_SERVICE_CAMERA" />
19-->src\main\AndroidManifest.xml:13:5-84
19-->src\main\AndroidManifest.xml:13:22-81
20    <uses-permission android:name="android.permission.FOREGROUND_SERVICE_MEDIA_PLAYBACK" />
20-->src\main\AndroidManifest.xml:14:5-92
20-->src\main\AndroidManifest.xml:14:22-89
21
22    <!-- Boot & Network -->
23    <uses-permission android:name="android.permission.RECEIVE_BOOT_COMPLETED" />
23-->src\main\AndroidManifest.xml:17:5-81
23-->src\main\AndroidManifest.xml:17:22-78
24    <uses-permission android:name="android.permission.INTERNET" />
24-->src\main\AndroidManifest.xml:18:5-67
24-->src\main\AndroidManifest.xml:18:22-64
25    <uses-permission android:name="android.permission.ACCESS_NETWORK_STATE" />
25-->src\main\AndroidManifest.xml:19:5-79
25-->src\main\AndroidManifest.xml:19:22-76
26    <uses-permission android:name="android.permission.ACCESS_WIFI_STATE" />
26-->src\main\AndroidManifest.xml:20:5-76
26-->src\main\AndroidManifest.xml:20:22-73
27    <uses-permission android:name="android.permission.CHANGE_WIFI_STATE" />
27-->src\main\AndroidManifest.xml:21:5-76
27-->src\main\AndroidManifest.xml:21:22-73
28
29    <!-- Battery Optimization -->
30    <uses-permission android:name="android.permission.REQUEST_IGNORE_BATTERY_OPTIMIZATIONS" />
30-->src\main\AndroidManifest.xml:24:5-95
30-->src\main\AndroidManifest.xml:24:22-92
31
32    <!-- Phone State (SIM detection) -->
33    <uses-permission android:name="android.permission.READ_PHONE_STATE" />
33-->src\main\AndroidManifest.xml:27:5-75
33-->src\main\AndroidManifest.xml:27:22-72
34
35    <!-- Wake Lock -->
36    <uses-permission android:name="android.permission.WAKE_LOCK" />
36-->src\main\AndroidManifest.xml:30:5-68
36-->src\main\AndroidManifest.xml:30:22-65
37
38    <!-- Notifications -->
39    <uses-permission android:name="android.permission.POST_NOTIFICATIONS" />
39-->src\main\AndroidManifest.xml:33:5-77
39-->src\main\AndroidManifest.xml:33:22-74
40
41    <!-- Anti-Theft: Camera -->
42    <uses-permission android:name="android.permission.CAMERA" />
42-->src\main\AndroidManifest.xml:36:5-65
42-->src\main\AndroidManifest.xml:36:22-62
43
44    <uses-feature
44-->src\main\AndroidManifest.xml:37:5-85
45        android:name="android.hardware.camera"
45-->src\main\AndroidManifest.xml:37:19-57
46        android:required="false" />
46-->src\main\AndroidManifest.xml:37:58-82
47    <uses-feature
47-->src\main\AndroidManifest.xml:38:5-91
48        android:name="android.hardware.camera.front"
48-->src\main\AndroidManifest.xml:38:19-63
49        android:required="false" />
49-->src\main\AndroidManifest.xml:38:64-88
50
51    <!-- Anti-Theft: SMS Fallback -->
52    <uses-permission android:name="android.permission.SEND_SMS" />
52-->src\main\AndroidManifest.xml:41:5-67
52-->src\main\AndroidManifest.xml:41:22-64
53    <uses-permission android:name="android.permission.RECEIVE_SMS" />
53-->src\main\AndroidManifest.xml:42:5-70
53-->src\main\AndroidManifest.xml:42:22-67
54    <uses-permission android:name="android.permission.READ_SMS" />
54-->src\main\AndroidManifest.xml:43:5-67
54-->src\main\AndroidManifest.xml:43:22-64
55
56    <!-- Anti-Theft: Alarm & Vibration -->
57    <uses-permission android:name="android.permission.VIBRATE" />
57-->src\main\AndroidManifest.xml:46:5-66
57-->src\main\AndroidManifest.xml:46:22-63
58    <uses-permission android:name="android.permission.MODIFY_AUDIO_SETTINGS" />
58-->src\main\AndroidManifest.xml:47:5-80
58-->src\main\AndroidManifest.xml:47:22-77
59
60    <!-- Anti-Theft: Device Admin for Lock/Wipe -->
61    <uses-permission android:name="android.permission.BIND_DEVICE_ADMIN" />
61-->src\main\AndroidManifest.xml:50:5-76
61-->src\main\AndroidManifest.xml:50:22-73
62    <uses-permission android:name="android.permission.USE_BIOMETRIC" />
62-->src\main\AndroidManifest.xml:51:5-72
62-->src\main\AndroidManifest.xml:51:22-69
63
64    <!-- Contacts for Emergency Contact Selection -->
65    <uses-permission android:name="android.permission.READ_CONTACTS" />
65-->src\main\AndroidManifest.xml:54:5-72
65-->src\main\AndroidManifest.xml:54:22-69
66
67    <permission
67-->[androidx.core:core:1.12.0] AndroidManifest.xml:22:5-24:47
68        android:name="com.familytracker.DYNAMIC_RECEIVER_NOT_EXPORTED_PERMISSION"
68-->[androidx.core:core:1.12.0] AndroidManifest.xml:23:9-81
69        android:protectionLevel="signature" />
69-->[androidx.core:core:1.12.0] AndroidManifest.xml:24:9-44
70
71    <uses-permission android:name="com.familytracker.DYNAMIC_RECEIVER_NOT_EXPORTED_PERMISSION" />
71-->[androidx.core:core:1.12.0] AndroidManifest.xml:26:5-97
71-->[androidx.core:core:1.12.0] AndroidManifest.xml:26:22-94
72
73    <application
73-->src\main\AndroidManifest.xml:56:5-183:19
74        android:name="com.familytracker.FamilyTrackerApp"
74-->src\main\AndroidManifest.xml:57:9-41
75        android:allowBackup="true"
75-->src\main\AndroidManifest.xml:58:9-35
76        android:appComponentFactory="androidx.core.app.CoreComponentFactory"
76-->[androidx.core:core:1.12.0] AndroidManifest.xml:28:18-86
77        android:debuggable="true"
78        android:extractNativeLibs="false"
79        android:icon="@mipmap/ic_launcher"
79-->src\main\AndroidManifest.xml:59:9-43
80        android:label="@string/app_name"
80-->src\main\AndroidManifest.xml:60:9-41
81        android:roundIcon="@mipmap/ic_launcher_round"
81-->src\main\AndroidManifest.xml:61:9-54
82        android:supportsRtl="true"
82-->src\main\AndroidManifest.xml:62:9-35
83        android:theme="@style/Theme.FamilyTracker" >
83-->src\main\AndroidManifest.xml:63:9-51
84        <activity
84-->src\main\AndroidManifest.xml:66:9-74:20
85            android:name="com.familytracker.MainActivity"
85-->src\main\AndroidManifest.xml:67:13-41
86            android:exported="true"
86-->src\main\AndroidManifest.xml:68:13-36
87            android:theme="@style/Theme.FamilyTracker" >
87-->src\main\AndroidManifest.xml:69:13-55
88            <intent-filter>
88-->src\main\AndroidManifest.xml:70:13-73:29
89                <action android:name="android.intent.action.MAIN" />
89-->src\main\AndroidManifest.xml:71:17-69
89-->src\main\AndroidManifest.xml:71:25-66
90
91                <category android:name="android.intent.category.LAUNCHER" />
91-->src\main\AndroidManifest.xml:72:17-77
91-->src\main\AndroidManifest.xml:72:27-74
92            </intent-filter>
93        </activity>
94
95        <!-- Emergency Contacts Activity -->
96        <activity
96-->src\main\AndroidManifest.xml:77:9-81:58
97            android:name="com.familytracker.EmergencyContactsActivity"
97-->src\main\AndroidManifest.xml:78:13-54
98            android:exported="false"
98-->src\main\AndroidManifest.xml:79:13-37
99            android:parentActivityName="com.familytracker.MainActivity"
99-->src\main\AndroidManifest.xml:81:13-55
100            android:theme="@style/Theme.FamilyTracker" />
100-->src\main\AndroidManifest.xml:80:13-55
101
102        <!-- Location Tracking Service -->
103        <service
103-->src\main\AndroidManifest.xml:84:9-88:56
104            android:name="com.familytracker.services.LocationService"
104-->src\main\AndroidManifest.xml:85:13-53
105            android:enabled="true"
105-->src\main\AndroidManifest.xml:86:13-35
106            android:exported="false"
106-->src\main\AndroidManifest.xml:87:13-37
107            android:foregroundServiceType="location" />
107-->src\main\AndroidManifest.xml:88:13-53
108
109        <!-- Anti-Theft: Camera Capture Service -->
110        <service
110-->src\main\AndroidManifest.xml:91:9-95:54
111            android:name="com.familytracker.services.CameraCaptureService"
111-->src\main\AndroidManifest.xml:92:13-58
112            android:enabled="true"
112-->src\main\AndroidManifest.xml:93:13-35
113            android:exported="false"
113-->src\main\AndroidManifest.xml:94:13-37
114            android:foregroundServiceType="camera" />
114-->src\main\AndroidManifest.xml:95:13-51
115
116        <!-- Anti-Theft: Alarm Service -->
117        <service
117-->src\main\AndroidManifest.xml:98:9-102:61
118            android:name="com.familytracker.services.AlarmService"
118-->src\main\AndroidManifest.xml:99:13-50
119            android:enabled="true"
119-->src\main\AndroidManifest.xml:100:13-35
120            android:exported="false"
120-->src\main\AndroidManifest.xml:101:13-37
121            android:foregroundServiceType="mediaPlayback" />
121-->src\main\AndroidManifest.xml:102:13-58
122
123        <!-- Anti-Theft: Command Listener Service -->
124        <service
124-->src\main\AndroidManifest.xml:105:9-108:40
125            android:name="com.familytracker.services.CommandListenerService"
125-->src\main\AndroidManifest.xml:106:13-60
126            android:enabled="true"
126-->src\main\AndroidManifest.xml:107:13-35
127            android:exported="false" />
127-->src\main\AndroidManifest.xml:108:13-37
128
129        <!-- Boot Receiver -->
130        <receiver
130-->src\main\AndroidManifest.xml:111:9-119:20
131            android:name="com.familytracker.receivers.BootReceiver"
131-->src\main\AndroidManifest.xml:112:13-51
132            android:enabled="true"
132-->src\main\AndroidManifest.xml:113:13-35
133            android:exported="true" >
133-->src\main\AndroidManifest.xml:114:13-36
134            <intent-filter>
134-->src\main\AndroidManifest.xml:115:13-118:29
135                <action android:name="android.intent.action.BOOT_COMPLETED" />
135-->src\main\AndroidManifest.xml:116:17-79
135-->src\main\AndroidManifest.xml:116:25-76
136                <action android:name="android.intent.action.QUICKBOOT_POWERON" />
136-->src\main\AndroidManifest.xml:117:17-82
136-->src\main\AndroidManifest.xml:117:25-79
137            </intent-filter>
138        </receiver>
139
140        <!-- Battery Receiver -->
141        <receiver
141-->src\main\AndroidManifest.xml:122:9-130:20
142            android:name="com.familytracker.receivers.BatteryReceiver"
142-->src\main\AndroidManifest.xml:123:13-54
143            android:enabled="true"
143-->src\main\AndroidManifest.xml:124:13-35
144            android:exported="false" >
144-->src\main\AndroidManifest.xml:125:13-37
145            <intent-filter>
145-->src\main\AndroidManifest.xml:126:13-129:29
146                <action android:name="android.intent.action.BATTERY_LOW" />
146-->src\main\AndroidManifest.xml:127:17-76
146-->src\main\AndroidManifest.xml:127:25-73
147                <action android:name="android.intent.action.BATTERY_CHANGED" />
147-->src\main\AndroidManifest.xml:128:17-80
147-->src\main\AndroidManifest.xml:128:25-77
148            </intent-filter>
149        </receiver>
150
151        <!-- SIM Change Receiver -->
152        <receiver
152-->src\main\AndroidManifest.xml:133:9-140:20
153            android:name="com.familytracker.receivers.SimChangeReceiver"
153-->src\main\AndroidManifest.xml:134:13-56
154            android:enabled="true"
154-->src\main\AndroidManifest.xml:135:13-35
155            android:exported="false" >
155-->src\main\AndroidManifest.xml:136:13-37
156            <intent-filter>
156-->src\main\AndroidManifest.xml:137:13-139:29
157                <action android:name="android.intent.action.SIM_STATE_CHANGED" />
157-->src\main\AndroidManifest.xml:138:17-82
157-->src\main\AndroidManifest.xml:138:25-79
158            </intent-filter>
159        </receiver>
160
161        <!-- Anti-Theft: Motion Detection Receiver -->
162        <receiver
162-->src\main\AndroidManifest.xml:143:9-146:40
163            android:name="com.familytracker.receivers.MotionDetectionReceiver"
163-->src\main\AndroidManifest.xml:144:13-62
164            android:enabled="true"
164-->src\main\AndroidManifest.xml:145:13-35
165            android:exported="false" />
165-->src\main\AndroidManifest.xml:146:13-37
166
167        <!-- Anti-Theft: Connectivity Change Receiver -->
168        <receiver
168-->src\main\AndroidManifest.xml:149:9-157:20
169            android:name="com.familytracker.receivers.ConnectivityReceiver"
169-->src\main\AndroidManifest.xml:150:13-59
170            android:enabled="true"
170-->src\main\AndroidManifest.xml:151:13-35
171            android:exported="false" >
171-->src\main\AndroidManifest.xml:152:13-37
172            <intent-filter>
172-->src\main\AndroidManifest.xml:153:13-156:29
173                <action android:name="android.net.conn.CONNECTIVITY_CHANGE" />
173-->src\main\AndroidManifest.xml:154:17-79
173-->src\main\AndroidManifest.xml:154:25-76
174                <action android:name="android.intent.action.AIRPLANE_MODE" />
174-->src\main\AndroidManifest.xml:155:17-78
174-->src\main\AndroidManifest.xml:155:25-75
175            </intent-filter>
176        </receiver>
177
178        <!-- Anti-Theft: SMS Receiver for Remote Commands -->
179        <receiver
179-->src\main\AndroidManifest.xml:160:9-168:20
180            android:name="com.familytracker.receivers.SmsCommandReceiver"
180-->src\main\AndroidManifest.xml:161:13-57
181            android:enabled="true"
181-->src\main\AndroidManifest.xml:162:13-35
182            android:exported="true"
182-->src\main\AndroidManifest.xml:163:13-36
183            android:permission="android.permission.BROADCAST_SMS" >
183-->src\main\AndroidManifest.xml:164:13-66
184            <intent-filter android:priority="999" >
184-->src\main\AndroidManifest.xml:165:13-167:29
184-->src\main\AndroidManifest.xml:165:28-50
185                <action android:name="android.provider.Telephony.SMS_RECEIVED" />
185-->src\main\AndroidManifest.xml:166:17-82
185-->src\main\AndroidManifest.xml:166:25-79
186            </intent-filter>
187        </receiver>
188
189        <!-- Device Admin Receiver for Lock/Wipe -->
190        <receiver
190-->src\main\AndroidManifest.xml:171:9-181:20
191            android:name="com.familytracker.receivers.DeviceAdminReceiver"
191-->src\main\AndroidManifest.xml:172:13-58
192            android:exported="true"
192-->src\main\AndroidManifest.xml:173:13-36
193            android:permission="android.permission.BIND_DEVICE_ADMIN" >
193-->src\main\AndroidManifest.xml:174:13-70
194            <meta-data
194-->src\main\AndroidManifest.xml:175:13-177:65
195                android:name="android.app.device_admin"
195-->src\main\AndroidManifest.xml:176:17-56
196                android:resource="@xml/device_admin_policies" />
196-->src\main\AndroidManifest.xml:177:17-62
197
198            <intent-filter>
198-->src\main\AndroidManifest.xml:178:13-180:29
199                <action android:name="android.app.action.DEVICE_ADMIN_ENABLED" />
199-->src\main\AndroidManifest.xml:179:17-82
199-->src\main\AndroidManifest.xml:179:25-79
200            </intent-filter>
201        </receiver>
202
203        <activity
203-->[com.google.android.gms:play-services-base:18.1.0] AndroidManifest.xml:20:9-22:45
204            android:name="com.google.android.gms.common.api.GoogleApiActivity"
204-->[com.google.android.gms:play-services-base:18.1.0] AndroidManifest.xml:20:19-85
205            android:exported="false"
205-->[com.google.android.gms:play-services-base:18.1.0] AndroidManifest.xml:22:19-43
206            android:theme="@android:style/Theme.Translucent.NoTitleBar" />
206-->[com.google.android.gms:play-services-base:18.1.0] AndroidManifest.xml:21:19-78
207
208        <meta-data
208-->[com.google.android.gms:play-services-basement:18.1.0] AndroidManifest.xml:21:9-23:69
209            android:name="com.google.android.gms.version"
209-->[com.google.android.gms:play-services-basement:18.1.0] AndroidManifest.xml:22:13-58
210            android:value="@integer/google_play_services_version" />
210-->[com.google.android.gms:play-services-basement:18.1.0] AndroidManifest.xml:23:13-66
211
212        <provider
212-->[androidx.emoji2:emoji2:1.2.0] AndroidManifest.xml:24:9-32:20
213            android:name="androidx.startup.InitializationProvider"
213-->[androidx.emoji2:emoji2:1.2.0] AndroidManifest.xml:25:13-67
214            android:authorities="com.familytracker.androidx-startup"
214-->[androidx.emoji2:emoji2:1.2.0] AndroidManifest.xml:26:13-68
215            android:exported="false" >
215-->[androidx.emoji2:emoji2:1.2.0] AndroidManifest.xml:27:13-37
216            <meta-data
216-->[androidx.emoji2:emoji2:1.2.0] AndroidManifest.xml:29:13-31:52
217                android:name="androidx.emoji2.text.EmojiCompatInitializer"
217-->[androidx.emoji2:emoji2:1.2.0] AndroidManifest.xml:30:17-75
218                android:value="androidx.startup" />
218-->[androidx.emoji2:emoji2:1.2.0] AndroidManifest.xml:31:17-49
219            <meta-data
219-->[androidx.work:work-runtime:2.9.0] AndroidManifest.xml:34:13-36:52
220                android:name="androidx.work.WorkManagerInitializer"
220-->[androidx.work:work-runtime:2.9.0] AndroidManifest.xml:35:17-68
221                android:value="androidx.startup" />
221-->[androidx.work:work-runtime:2.9.0] AndroidManifest.xml:36:17-49
222            <meta-data
222-->[io.github.jan-tennert.supabase:gotrue-kt-android-debug:2.0.4] AndroidManifest.xml:14:13-16:52
223                android:name="io.github.jan.supabase.gotrue.SupabaseInitializer"
223-->[io.github.jan-tennert.supabase:gotrue-kt-android-debug:2.0.4] AndroidManifest.xml:15:17-81
224                android:value="androidx.startup" />
224-->[io.github.jan-tennert.supabase:gotrue-kt-android-debug:2.0.4] AndroidManifest.xml:16:17-49
225            <meta-data
225-->[androidx.lifecycle:lifecycle-process:2.7.0] AndroidManifest.xml:29:13-31:52
226                android:name="androidx.lifecycle.ProcessLifecycleInitializer"
226-->[androidx.lifecycle:lifecycle-process:2.7.0] AndroidManifest.xml:30:17-78
227                android:value="androidx.startup" />
227-->[androidx.lifecycle:lifecycle-process:2.7.0] AndroidManifest.xml:31:17-49
228            <meta-data
228-->[androidx.profileinstaller:profileinstaller:1.3.0] AndroidManifest.xml:29:13-31:52
229                android:name="androidx.profileinstaller.ProfileInstallerInitializer"
229-->[androidx.profileinstaller:profileinstaller:1.3.0] AndroidManifest.xml:30:17-85
230                android:value="androidx.startup" />
230-->[androidx.profileinstaller:profileinstaller:1.3.0] AndroidManifest.xml:31:17-49
231            <meta-data
231-->[com.russhwolf:multiplatform-settings-no-arg-android-debug:1.1.1] AndroidManifest.xml:29:13-31:52
232                android:name="com.russhwolf.settings.SettingsInitializer"
232-->[com.russhwolf:multiplatform-settings-no-arg-android-debug:1.1.1] AndroidManifest.xml:30:17-74
233                android:value="androidx.startup" />
233-->[com.russhwolf:multiplatform-settings-no-arg-android-debug:1.1.1] AndroidManifest.xml:31:17-49
234        </provider>
235
236        <service
236-->[androidx.work:work-runtime:2.9.0] AndroidManifest.xml:39:9-45:35
237            android:name="androidx.work.impl.background.systemalarm.SystemAlarmService"
237-->[androidx.work:work-runtime:2.9.0] AndroidManifest.xml:40:13-88
238            android:directBootAware="false"
238-->[androidx.work:work-runtime:2.9.0] AndroidManifest.xml:41:13-44
239            android:enabled="@bool/enable_system_alarm_service_default"
239-->[androidx.work:work-runtime:2.9.0] AndroidManifest.xml:42:13-72
240            android:exported="false" />
240-->[androidx.work:work-runtime:2.9.0] AndroidManifest.xml:43:13-37
241        <service
241-->[androidx.work:work-runtime:2.9.0] AndroidManifest.xml:46:9-52:35
242            android:name="androidx.work.impl.background.systemjob.SystemJobService"
242-->[androidx.work:work-runtime:2.9.0] AndroidManifest.xml:47:13-84
243            android:directBootAware="false"
243-->[androidx.work:work-runtime:2.9.0] AndroidManifest.xml:48:13-44
244            android:enabled="@bool/enable_system_job_service_default"
244-->[androidx.work:work-runtime:2.9.0] AndroidManifest.xml:49:13-70
245            android:exported="true"
245-->[androidx.work:work-runtime:2.9.0] AndroidManifest.xml:50:13-36
246            android:permission="android.permission.BIND_JOB_SERVICE" />
246-->[androidx.work:work-runtime:2.9.0] AndroidManifest.xml:51:13-69
247        <service
247-->[androidx.work:work-runtime:2.9.0] AndroidManifest.xml:53:9-59:35
248            android:name="androidx.work.impl.foreground.SystemForegroundService"
248-->[androidx.work:work-runtime:2.9.0] AndroidManifest.xml:54:13-81
249            android:directBootAware="false"
249-->[androidx.work:work-runtime:2.9.0] AndroidManifest.xml:55:13-44
250            android:enabled="@bool/enable_system_foreground_service_default"
250-->[androidx.work:work-runtime:2.9.0] AndroidManifest.xml:56:13-77
251            android:exported="false" />
251-->[androidx.work:work-runtime:2.9.0] AndroidManifest.xml:57:13-37
252
253        <receiver
253-->[androidx.work:work-runtime:2.9.0] AndroidManifest.xml:61:9-66:35
254            android:name="androidx.work.impl.utils.ForceStopRunnable$BroadcastReceiver"
254-->[androidx.work:work-runtime:2.9.0] AndroidManifest.xml:62:13-88
255            android:directBootAware="false"
255-->[androidx.work:work-runtime:2.9.0] AndroidManifest.xml:63:13-44
256            android:enabled="true"
256-->[androidx.work:work-runtime:2.9.0] AndroidManifest.xml:64:13-35
257            android:exported="false" />
257-->[androidx.work:work-runtime:2.9.0] AndroidManifest.xml:65:13-37
258        <receiver
258-->[androidx.work:work-runtime:2.9.0] AndroidManifest.xml:67:9-77:20
259            android:name="androidx.work.impl.background.systemalarm.ConstraintProxy$BatteryChargingProxy"
259-->[androidx.work:work-runtime:2.9.0] AndroidManifest.xml:68:13-106
260            android:directBootAware="false"
260-->[androidx.work:work-runtime:2.9.0] AndroidManifest.xml:69:13-44
261            android:enabled="false"
261-->[androidx.work:work-runtime:2.9.0] AndroidManifest.xml:70:13-36
262            android:exported="false" >
262-->[androidx.work:work-runtime:2.9.0] AndroidManifest.xml:71:13-37
263            <intent-filter>
263-->[androidx.work:work-runtime:2.9.0] AndroidManifest.xml:73:13-76:29
264                <action android:name="android.intent.action.ACTION_POWER_CONNECTED" />
264-->[androidx.work:work-runtime:2.9.0] AndroidManifest.xml:74:17-87
264-->[androidx.work:work-runtime:2.9.0] AndroidManifest.xml:74:25-84
265                <action android:name="android.intent.action.ACTION_POWER_DISCONNECTED" />
265-->[androidx.work:work-runtime:2.9.0] AndroidManifest.xml:75:17-90
265-->[androidx.work:work-runtime:2.9.0] AndroidManifest.xml:75:25-87
266            </intent-filter>
267        </receiver>
268        <receiver
268-->[androidx.work:work-runtime:2.9.0] AndroidManifest.xml:78:9-88:20
269            android:name="androidx.work.impl.background.systemalarm.ConstraintProxy$BatteryNotLowProxy"
269-->[androidx.work:work-runtime:2.9.0] AndroidManifest.xml:79:13-104
270            android:directBootAware="false"
270-->[androidx.work:work-runtime:2.9.0] AndroidManifest.xml:80:13-44
271            android:enabled="false"
271-->[androidx.work:work-runtime:2.9.0] AndroidManifest.xml:81:13-36
272            android:exported="false" >
272-->[androidx.work:work-runtime:2.9.0] AndroidManifest.xml:82:13-37
273            <intent-filter>
273-->[androidx.work:work-runtime:2.9.0] AndroidManifest.xml:84:13-87:29
274                <action android:name="android.intent.action.BATTERY_OKAY" />
274-->[androidx.work:work-runtime:2.9.0] AndroidManifest.xml:85:17-77
274-->[androidx.work:work-runtime:2.9.0] AndroidManifest.xml:85:25-74
275                <action android:name="android.intent.action.BATTERY_LOW" />
275-->src\main\AndroidManifest.xml:127:17-76
275-->src\main\AndroidManifest.xml:127:25-73
276            </intent-filter>
277        </receiver>
278        <receiver
278-->[androidx.work:work-runtime:2.9.0] AndroidManifest.xml:89:9-99:20
279            android:name="androidx.work.impl.background.systemalarm.ConstraintProxy$StorageNotLowProxy"
279-->[androidx.work:work-runtime:2.9.0] AndroidManifest.xml:90:13-104
280            android:directBootAware="false"
280-->[androidx.work:work-runtime:2.9.0] AndroidManifest.xml:91:13-44
281            android:enabled="false"
281-->[androidx.work:work-runtime:2.9.0] AndroidManifest.xml:92:13-36
282            android:exported="false" >
282-->[androidx.work:work-runtime:2.9.0] AndroidManifest.xml:93:13-37
283            <intent-filter>
283-->[androidx.work:work-runtime:2.9.0] AndroidManifest.xml:95:13-98:29
284                <action android:name="android.intent.action.DEVICE_STORAGE_LOW" />
284-->[androidx.work:work-runtime:2.9.0] AndroidManifest.xml:96:17-83
284-->[androidx.work:work-runtime:2.9.0] AndroidManifest.xml:96:25-80
285                <action android:name="android.intent.action.DEVICE_STORAGE_OK" />
285-->[androidx.work:work-runtime:2.9.0] AndroidManifest.xml:97:17-82
285-->[androidx.work:work-runtime:2.9.0] AndroidManifest.xml:97:25-79
286            </intent-filter>
287        </receiver>
288        <receiver
288-->[androidx.work:work-runtime:2.9.0] AndroidManifest.xml:100:9-109:20
289            android:name="androidx.work.impl.background.systemalarm.ConstraintProxy$NetworkStateProxy"
289-->[androidx.work:work-runtime:2.9.0] AndroidManifest.xml:101:13-103
290            android:directBootAware="false"
290-->[androidx.work:work-runtime:2.9.0] AndroidManifest.xml:102:13-44
291            android:enabled="false"
291-->[androidx.work:work-runtime:2.9.0] AndroidManifest.xml:103:13-36
292            android:exported="false" >
292-->[androidx.work:work-runtime:2.9.0] AndroidManifest.xml:104:13-37
293            <intent-filter>
293-->[androidx.work:work-runtime:2.9.0] AndroidManifest.xml:106:13-108:29
294                <action android:name="android.net.conn.CONNECTIVITY_CHANGE" />
294-->src\main\AndroidManifest.xml:154:17-79
294-->src\main\AndroidManifest.xml:154:25-76
295            </intent-filter>
296        </receiver>
297        <receiver
297-->[androidx.work:work-runtime:2.9.0] AndroidManifest.xml:110:9-121:20
298            android:name="androidx.work.impl.background.systemalarm.RescheduleReceiver"
298-->[androidx.work:work-runtime:2.9.0] AndroidManifest.xml:111:13-88
299            android:directBootAware="false"
299-->[androidx.work:work-runtime:2.9.0] AndroidManifest.xml:112:13-44
300            android:enabled="false"
300-->[androidx.work:work-runtime:2.9.0] AndroidManifest.xml:113:13-36
301            android:exported="false" >
301-->[androidx.work:work-runtime:2.9.0] AndroidManifest.xml:114:13-37
302            <intent-filter>
302-->[androidx.work:work-runtime:2.9.0] AndroidManifest.xml:116:13-120:29
303                <action android:name="android.intent.action.BOOT_COMPLETED" />
303-->src\main\AndroidManifest.xml:116:17-79
303-->src\main\AndroidManifest.xml:116:25-76
304                <action android:name="android.intent.action.TIME_SET" />
304-->[androidx.work:work-runtime:2.9.0] AndroidManifest.xml:118:17-73
304-->[androidx.work:work-runtime:2.9.0] AndroidManifest.xml:118:25-70
305                <action android:name="android.intent.action.TIMEZONE_CHANGED" />
305-->[androidx.work:work-runtime:2.9.0] AndroidManifest.xml:119:17-81
305-->[androidx.work:work-runtime:2.9.0] AndroidManifest.xml:119:25-78
306            </intent-filter>
307        </receiver>
308        <receiver
308-->[androidx.work:work-runtime:2.9.0] AndroidManifest.xml:122:9-131:20
309            android:name="androidx.work.impl.background.systemalarm.ConstraintProxyUpdateReceiver"
309-->[androidx.work:work-runtime:2.9.0] AndroidManifest.xml:123:13-99
310            android:directBootAware="false"
310-->[androidx.work:work-runtime:2.9.0] AndroidManifest.xml:124:13-44
311            android:enabled="@bool/enable_system_alarm_service_default"
311-->[androidx.work:work-runtime:2.9.0] AndroidManifest.xml:125:13-72
312            android:exported="false" >
312-->[androidx.work:work-runtime:2.9.0] AndroidManifest.xml:126:13-37
313            <intent-filter>
313-->[androidx.work:work-runtime:2.9.0] AndroidManifest.xml:128:13-130:29
314                <action android:name="androidx.work.impl.background.systemalarm.UpdateProxies" />
314-->[androidx.work:work-runtime:2.9.0] AndroidManifest.xml:129:17-98
314-->[androidx.work:work-runtime:2.9.0] AndroidManifest.xml:129:25-95
315            </intent-filter>
316        </receiver>
317        <receiver
317-->[androidx.work:work-runtime:2.9.0] AndroidManifest.xml:132:9-142:20
318            android:name="androidx.work.impl.diagnostics.DiagnosticsReceiver"
318-->[androidx.work:work-runtime:2.9.0] AndroidManifest.xml:133:13-78
319            android:directBootAware="false"
319-->[androidx.work:work-runtime:2.9.0] AndroidManifest.xml:134:13-44
320            android:enabled="true"
320-->[androidx.work:work-runtime:2.9.0] AndroidManifest.xml:135:13-35